<?xml version="1.0" encoding="UTF-8"?>
<!-- Generated by org.testng.reporters.JUnitReportReporter -->
<testsuite hostname="Abinash" failures="0" tests="2" name="JavaPackage.RemoveDuplicateElements" time="0.013" errors="0" timestamp="2021-06-05T09:26:29 IST" skipped="0">
  <testcase classname="JavaPackage.RemoveDuplicateElements" name="removeduplicateelements" time="0.003"/>
  <system-out/>
  <testcase classname="JavaPackage.RemoveDuplicateElements" name="printUniqueElements" time="0.010"/>
  <system-out/>
</testsuite> <!-- JavaPackage.RemoveDuplicateElements -->
