<?xml version="1.0" encoding="UTF-8"?>
<!-- Generated by org.testng.reporters.JUnitReportReporter -->
<testsuite hostname="Abinash" failures="0" tests="3" name="udemy.MavenJava.AppiumTest" time="0.013" errors="0" timestamp="2021-05-12T14:39:59 IST" skipped="0">
  <testcase classname="udemy.MavenJava.AppiumTest" name="DemoAppium2" time="0.001"/>
  <system-out/>
  <testcase classname="udemy.MavenJava.AppiumTest" name="DemoAppium3" time="0.001"/>
  <system-out/>
  <testcase classname="udemy.MavenJava.AppiumTest" name="DemoAppium1" time="0.011"/>
  <system-out/>
</testsuite> <!-- udemy.MavenJava.AppiumTest -->
