<?xml version="1.0" encoding="UTF-8"?>
<!-- Generated by org.testng.reporters.JUnitReportReporter -->
<testsuite hostname="Abinash" failures="0" tests="2" name="udemy.MavenJava.App" time="0.016" errors="0" timestamp="2021-05-26T08:30:55 IST" skipped="0">
  <testcase classname="udemy.MavenJava.App" name="removeDuplicateString" time="0.013"/>
  <system-out/>
  <testcase classname="udemy.MavenJava.App" name="reverseString" time="0.003"/>
  <system-out/>
</testsuite> <!-- udemy.MavenJava.App -->
