<?xml version="1.0" encoding="UTF-8"?>
<!-- Generated by org.testng.reporters.JUnitReportReporter -->
<testsuite hostname="Abinash" failures="0" tests="1" name="udemy.MavenJava.SplitText" time="0.010" errors="0" timestamp="2021-05-20T21:24:12 IST" skipped="0">
  <testcase classname="udemy.MavenJava.SplitText" name="splitText" time="0.010"/>
  <system-out/>
</testsuite> <!-- udemy.MavenJava.SplitText -->
