<?xml version="1.0" encoding="UTF-8"?>
<!-- Generated by org.testng.reporters.JUnitReportReporter -->
<testsuite hostname="Abinash" failures="0" tests="5" name="udemy.MavenJava.Practice" time="0.021" errors="0" timestamp="2021-05-26T07:47:03 IST" skipped="0">
  <testcase classname="udemy.MavenJava.Practice" name="practice" time="0.010"/>
  <system-out/>
  <testcase classname="udemy.MavenJava.Practice" name="removeDuplicateString" time="0.005"/>
  <system-out/>
  <testcase classname="udemy.MavenJava.Practice" name="removeDuplicateInteger" time="0.003"/>
  <system-out/>
  <testcase classname="udemy.MavenJava.Practice" name="reverseinteger" time="0.001"/>
  <system-out/>
  <testcase classname="udemy.MavenJava.Practice" name="reverseString" time="0.002"/>
  <system-out/>
</testsuite> <!-- udemy.MavenJava.Practice -->
