<?xml version="1.0" encoding="UTF-8"?>
<!-- Generated by org.testng.reporters.JUnitReportReporter -->
<testsuite hostname="Abinash" failures="0" tests="1" name="udemy.MavenJava.AutoIT" time="51.387" errors="0" timestamp="2021-05-31T23:01:13 IST" skipped="0">
  <testcase classname="udemy.MavenJava.AutoIT" name="autoIT" time="51.387"/>
  <system-out/>
</testsuite> <!-- udemy.MavenJava.AutoIT -->
