<?xml version="1.0" encoding="UTF-8"?>
<!-- Generated by org.testng.reporters.JUnitReportReporter -->
<testsuite hostname="Abinash" failures="0" tests="3" name="udemy.MavenJava.RESTAPITest" time="0.012" errors="0" timestamp="2021-06-06T22:59:05 IST" skipped="0">
  <testcase classname="udemy.MavenJava.RESTAPITest" name="DemoRESTAPI2" time="0.001"/>
  <system-out/>
  <testcase classname="udemy.MavenJava.RESTAPITest" name="DemoRESTAPI3" time="0.001"/>
  <system-out/>
  <testcase classname="udemy.MavenJava.RESTAPITest" name="DemoRESTAPI1" time="0.010"/>
  <system-out/>
</testsuite> <!-- udemy.MavenJava.RESTAPITest -->
