<?xml version="1.0" encoding="UTF-8"?>
<!-- Generated by org.testng.reporters.JUnitReportReporter -->
<testsuite hostname="Abinash" failures="0" tests="1" name="udemy.MavenJava.JDBCConnection" time="1.076" errors="0" timestamp="2021-05-30T11:15:32 IST" skipped="0">
  <testcase classname="udemy.MavenJava.JDBCConnection" name="connectDatabase" time="1.076"/>
  <system-out/>
</testsuite> <!-- udemy.MavenJava.JDBCConnection -->
