<?xml version="1.0" encoding="UTF-8"?>
<!-- Generated by org.testng.reporters.JUnitReportReporter -->
<testsuite hostname="Abinash" failures="0" tests="1" name="javaPackage.HashMapTest" time="0.010" errors="0" timestamp="2023-02-25T18:57:16 IST" skipped="0">
  <testcase classname="javaPackage.HashMapTest" name="hashMap" time="0.010"/>
  <system-out/>
</testsuite> <!-- javaPackage.HashMapTest -->
