<?xml version="1.0" encoding="UTF-8"?>
<!-- Generated by org.testng.reporters.JUnitReportReporter -->
<testsuite hostname="Abinash" failures="0" tests="1" name="udemy.MavenJava.Action" time="29.535" errors="0" timestamp="2021-05-20T18:52:19 IST" skipped="0">
  <testcase classname="udemy.MavenJava.Action" name="demoaction" time="29.535"/>
  <system-out/>
</testsuite> <!-- udemy.MavenJava.Action -->
