<?xml version="1.0" encoding="UTF-8"?>
<!-- Generated by org.testng.reporters.JUnitReportReporter -->
<testsuite hostname="Abinash" failures="0" tests="1" name="javaPackage.SplitText" time="0.012" errors="0" timestamp="2023-02-25T19:19:04 IST" skipped="0">
  <testcase classname="javaPackage.SplitText" name="splitText" time="0.012"/>
  <system-out/>
</testsuite> <!-- javaPackage.SplitText -->
