<?xml version="1.0" encoding="UTF-8"?>
<!-- Generated by org.testng.reporters.JUnitReportReporter -->
<testsuite hostname="Abinash" failures="0" tests="1" name="udemy.MavenJava.SortTableByStream" time="20.163" errors="0" timestamp="2021-05-22T19:18:36 IST" skipped="0">
  <testcase classname="udemy.MavenJava.SortTableByStream" name="sorttable" time="20.163"/>
  <system-out/>
</testsuite> <!-- udemy.MavenJava.SortTableByStream -->
