<?xml version="1.0" encoding="UTF-8"?>
<!-- Generated by org.testng.reporters.JUnitReportReporter -->
<testsuite hostname="Abinash" failures="0" tests="3" name="udemy.MavenJava.RESTAPITest" time="0.008" errors="0" timestamp="14 May 2021 12:13:27 GMT" skipped="0">
  <testcase classname="udemy.MavenJava.RESTAPITest" name="DemoRESTAPI1" time="0.007"/>
  <testcase classname="udemy.MavenJava.RESTAPITest" name="DemoRESTAPI3" time="0.001"/>
  <testcase classname="udemy.MavenJava.RESTAPITest" name="DemoRESTAPI2" time="0.000"/>
</testsuite> <!-- udemy.MavenJava.RESTAPITest -->
