<?xml version="1.0" encoding="UTF-8"?>
<!-- Generated by org.testng.reporters.JUnitReportReporter -->
<testsuite hostname="Abinash" failures="0" tests="3" name="udemy.MavenJava.SeleniumTest" time="0.001" errors="0" timestamp="14 May 2021 12:13:27 GMT" skipped="0">
  <testcase classname="udemy.MavenJava.SeleniumTest" name="DemoSelenium1" time="0.000"/>
  <testcase classname="udemy.MavenJava.SeleniumTest" name="DemoSelenium2" time="0.000"/>
  <testcase classname="udemy.MavenJava.SeleniumTest" name="DemoSelenium3" time="0.001"/>
</testsuite> <!-- udemy.MavenJava.SeleniumTest -->
