<?xml version="1.0" encoding="UTF-8"?>
<!-- Generated by org.testng.reporters.JUnitReportReporter -->
<testsuite hostname="Abinash" failures="0" tests="3" name="udemy.MavenJava.AppiumTest" time="0.009" errors="0" timestamp="14 May 2021 12:13:27 GMT" skipped="0">
  <testcase classname="udemy.MavenJava.AppiumTest" name="DemoAppium2" time="0.000"/>
  <testcase classname="udemy.MavenJava.AppiumTest" name="DemoAppium1" time="0.009"/>
  <testcase classname="udemy.MavenJava.AppiumTest" name="DemoAppium3" time="0.000"/>
</testsuite> <!-- udemy.MavenJava.AppiumTest -->
